2025-03-18 00:46:57,619 - EduPro - INFO - Starting EduPro Academy Application
2025-03-18 00:46:57,620 - EduPro - INFO - Checked directory: assets
2025-03-18 00:46:57,620 - EduPro - INFO - Checked directory: database
2025-03-18 00:46:57,620 - EduPro - INFO - Checked directory: reports
2025-03-18 00:46:57,621 - EduPro - INFO - Checked directory: backups
2025-03-18 00:46:57,680 - EduPro - INFO - All dependencies are available
2025-03-18 00:46:57,729 - EduPro - INFO - Created default logo assets
2025-03-18 00:46:57,797 - EduPro - INFO - Database initialized successfully
2025-03-18 00:46:57,819 - EduPro - INFO - Login form initialized
2025-03-18 00:46:57,819 - EduPro - INFO - Starting main event loop
2025-03-18 00:47:23,391 - EduPro - INFO - Application closing
2025-03-18 00:48:04,195 - EduPro - INFO - Starting EduPro Academy Application
2025-03-18 00:48:04,197 - EduPro - INFO - Checked directory: assets
2025-03-18 00:48:04,201 - EduPro - INFO - Checked directory: database
2025-03-18 00:48:04,207 - EduPro - INFO - Checked directory: reports
2025-03-18 00:48:04,210 - EduPro - INFO - Checked directory: backups
2025-03-18 00:48:04,281 - EduPro - INFO - All dependencies are available
2025-03-18 00:48:04,333 - EduPro - INFO - Database initialized successfully
2025-03-18 00:48:04,356 - EduPro - INFO - Login form initialized
2025-03-18 00:48:04,417 - EduPro - INFO - Starting main event loop
2025-03-18 00:48:24,415 - EduPro - INFO - Application closing
2025-03-18 00:49:02,137 - EduPro - INFO - Starting EduPro Academy Application
2025-03-18 00:49:02,138 - EduPro - INFO - Checked directory: assets
2025-03-18 00:49:02,138 - EduPro - INFO - Checked directory: database
2025-03-18 00:49:02,139 - EduPro - INFO - Checked directory: reports
2025-03-18 00:49:02,139 - EduPro - INFO - Checked directory: backups
2025-03-18 00:49:02,192 - EduPro - INFO - All dependencies are available
2025-03-18 00:49:02,248 - EduPro - INFO - Database initialized successfully
2025-03-18 00:49:02,272 - EduPro - INFO - Login form initialized
2025-03-18 00:49:02,274 - EduPro - INFO - Starting main event loop
2025-03-18 00:49:09,591 - EduPro - INFO - Application closing
2025-03-18 00:50:44,139 - EduPro - INFO - Starting EduPro Academy Application
2025-03-18 00:50:44,140 - EduPro - INFO - Checked directory: assets
2025-03-18 00:50:44,141 - EduPro - INFO - Checked directory: database
2025-03-18 00:50:44,141 - EduPro - INFO - Checked directory: reports
2025-03-18 00:50:44,141 - EduPro - INFO - Checked directory: backups
2025-03-18 00:50:44,197 - EduPro - INFO - All dependencies are available
2025-03-18 00:50:44,268 - EduPro - INFO - Database initialized successfully
2025-03-18 00:50:44,289 - EduPro - INFO - Login form initialized
2025-03-18 00:50:44,290 - EduPro - INFO - Starting main event loop
2025-03-18 00:55:51,609 - EduPro - INFO - Starting EduPro Academy Application
2025-03-18 00:55:51,610 - EduPro - INFO - Checked directory: assets
2025-03-18 00:55:51,610 - EduPro - INFO - Checked directory: database
2025-03-18 00:55:51,611 - EduPro - INFO - Checked directory: reports
2025-03-18 00:55:51,611 - EduPro - INFO - Checked directory: backups
2025-03-18 00:55:51,667 - EduPro - INFO - All dependencies are available
2025-03-18 00:55:51,728 - EduPro - INFO - Database initialized successfully
2025-03-18 00:55:51,753 - EduPro - INFO - Login form initialized
2025-03-18 00:55:51,757 - EduPro - INFO - Starting main event loop
